<?xml version="1.0" encoding="UTF-8"?>
<!-- Generated by org.testng.reporters.JUnitXMLReporter -->
<testsuite hostname="SOMIL-PC" ignored="0" name="Default test" tests="4" failures="0" timestamp="2022-02-12T23:47:43 IST" time="0.118" errors="0">
  <testcase name="@BeforeTest setUpTest" time="-1.644689863495E9" classname="com.phptravels.testcases.BaseTest">
    <failure type="org.testng.TestNGException" message="
Parameter &amp;apos;browser&amp;apos; is required by BeforeTest on method setUpTest but has not been marked @Optional or defined
in C:\Users\hp\AppData\Local\Temp\testng-eclipse-136852662\testng-customsuite.xml">
      <![CDATA[org.testng.TestNGException: 
Parameter 'browser' is required by BeforeTest on method setUpTest but has not been marked @Optional or defined
in C:\Users\hp\AppData\Local\Temp\testng-eclipse-136852662\testng-customsuite.xml
at org.testng.internal.Parameters.createParams(Parameters.java:272)
at org.testng.internal.Parameters.createParametersForMethod(Parameters.java:360)
at org.testng.internal.Parameters.createParameters(Parameters.java:704)
at org.testng.internal.Parameters.createConfigurationParameters(Parameters.java:166)
at org.testng.internal.ConfigInvoker.invokeConfigurations(ConfigInvoker.java:283)
at org.testng.TestRunner.invokeTestConfigurations(TestRunner.java:619)
at org.testng.TestRunner.beforeRun(TestRunner.java:609)
at org.testng.TestRunner.run(TestRunner.java:580)
at org.testng.SuiteRunner.runTest(SuiteRunner.java:384)
at org.testng.SuiteRunner.runSequentially(SuiteRunner.java:378)
at org.testng.SuiteRunner.privateRun(SuiteRunner.java:337)
at org.testng.SuiteRunner.run(SuiteRunner.java:286)
at org.testng.SuiteRunnerWorker.runSuite(SuiteRunnerWorker.java:53)
at org.testng.SuiteRunnerWorker.run(SuiteRunnerWorker.java:96)
at org.testng.TestNG.runSuitesSequentially(TestNG.java:1187)
at org.testng.TestNG.runSuitesLocally(TestNG.java:1109)
at org.testng.TestNG.runSuites(TestNG.java:1039)
at org.testng.TestNG.run(TestNG.java:1007)
at org.testng.remote.AbstractRemoteTestNG.run(AbstractRemoteTestNG.java:115)
at org.testng.remote.RemoteTestNG.initAndRun(RemoteTestNG.java:251)
at org.testng.remote.RemoteTestNG.main(RemoteTestNG.java:77)
]]>
    </failure>
  </testcase> <!-- @BeforeTest setUpTest -->
  <testcase name="@AfterTest tearDown" time="-1.644689863597E9" classname="com.phptravels.testcases.BaseTest">
    <skipped/>
  </testcase> <!-- @AfterTest tearDown -->
  <testcase name="verifyLogin" time="0.0" classname="com.phptravels.testcases.LoginTest">
    <skipped/>
  </testcase> <!-- verifyLogin -->
  <testcase name="testFlightBooking" time="0.0" classname="com.phptravels.testcases.LoginTest">
    <skipped/>
  </testcase> <!-- testFlightBooking -->
  <testcase name="selectFlightTest" time="0.0" classname="com.phptravels.testcases.LoginTest">
    <skipped/>
  </testcase> <!-- selectFlightTest -->
  <testcase name="testPaymentPage" time="0.0" classname="com.phptravels.testcases.LoginTest">
    <skipped/>
  </testcase> <!-- testPaymentPage -->
</testsuite> <!-- Default test -->
