<?xml version="1.0" encoding="UTF-8"?>
<testng-results skipped="0" failed="1" ignored="0" total="4" passed="3">
  <reporter-output>
  </reporter-output>
  <suite name="Suite" duration-ms="71516" started-at="2022-02-12T23:47:52 IST" finished-at="2022-02-12T23:49:03 IST">
    <groups>
    </groups>
    <test name="Test" duration-ms="71516" started-at="2022-02-12T23:47:52 IST" finished-at="2022-02-12T23:49:03 IST">
      <class name="com.phptravels.testcases.LoginTest">
        <test-method status="PASS" signature="setUpTest(java.lang.String)[pri:0, instance:com.phptravels.testcases.LoginTest@6a79c292]" name="setUpTest" is-config="true" duration-ms="13581" started-at="2022-02-12T23:47:52 IST" finished-at="2022-02-12T23:48:05 IST">
          <params>
            <param index="0">
              <value>
                <![CDATA[chrome]]>
              </value>
            </param>
          </params>
          <reporter-output>
          </reporter-output>
        </test-method> <!-- setUpTest -->
        <test-method status="PASS" signature="verifyLogin()[pri:1, instance:com.phptravels.testcases.LoginTest@6a79c292]" name="verifyLogin" duration-ms="5512" started-at="2022-02-12T23:48:05 IST" finished-at="2022-02-12T23:48:11 IST">
          <reporter-output>
          </reporter-output>
        </test-method> <!-- verifyLogin -->
        <test-method status="PASS" signature="testFlightBooking()[pri:2, instance:com.phptravels.testcases.LoginTest@6a79c292]" name="testFlightBooking" duration-ms="7591" started-at="2022-02-12T23:48:11 IST" finished-at="2022-02-12T23:48:18 IST">
          <reporter-output>
          </reporter-output>
        </test-method> <!-- testFlightBooking -->
        <test-method status="PASS" signature="selectFlightTest()[pri:3, instance:com.phptravels.testcases.LoginTest@6a79c292]" name="selectFlightTest" duration-ms="4411" started-at="2022-02-12T23:48:18 IST" finished-at="2022-02-12T23:48:23 IST">
          <reporter-output>
          </reporter-output>
        </test-method> <!-- selectFlightTest -->
        <test-method status="FAIL" signature="testPaymentPage()[pri:4, instance:com.phptravels.testcases.LoginTest@6a79c292]" name="testPaymentPage" duration-ms="29242" started-at="2022-02-12T23:48:23 IST" finished-at="2022-02-12T23:48:52 IST">
          <exception class="java.lang.AssertionError">
            <message>
              <![CDATA[expected [Pending] but found [Confirmed]]]>
            </message>
            <full-stacktrace>
              <![CDATA[java.lang.AssertionError: expected [Pending] but found [Confirmed]
at org.testng.Assert.fail(Assert.java:97)
at org.testng.Assert.assertEqualsImpl(Assert.java:136)
at org.testng.Assert.assertEquals(Assert.java:118)
at org.testng.Assert.assertEquals(Assert.java:575)
at org.testng.Assert.assertEquals(Assert.java:585)
at com.phptravels.testcases.LoginTest.testPaymentPage(LoginTest.java:53)
at sun.reflect.NativeMethodAccessorImpl.invoke0(Native Method)
at sun.reflect.NativeMethodAccessorImpl.invoke(NativeMethodAccessorImpl.java:62)
at sun.reflect.DelegatingMethodAccessorImpl.invoke(DelegatingMethodAccessorImpl.java:43)
at java.lang.reflect.Method.invoke(Method.java:498)
at org.testng.internal.MethodInvocationHelper.invokeMethod(MethodInvocationHelper.java:134)
at org.testng.internal.TestInvoker.invokeMethod(TestInvoker.java:597)
at org.testng.internal.TestInvoker.invokeTestMethod(TestInvoker.java:173)
at org.testng.internal.MethodRunner.runInSequence(MethodRunner.java:46)
at org.testng.internal.TestInvoker$MethodInvocationAgent.invoke(TestInvoker.java:816)
at org.testng.internal.TestInvoker.invokeTestMethods(TestInvoker.java:146)
at org.testng.internal.TestMethodWorker.invokeTestMethods(TestMethodWorker.java:146)
at org.testng.internal.TestMethodWorker.run(TestMethodWorker.java:128)
at java.util.ArrayList.forEach(ArrayList.java:1257)
at org.testng.TestRunner.privateRun(TestRunner.java:766)
at org.testng.TestRunner.run(TestRunner.java:587)
at org.testng.SuiteRunner.runTest(SuiteRunner.java:384)
at org.testng.SuiteRunner.runSequentially(SuiteRunner.java:378)
at org.testng.SuiteRunner.privateRun(SuiteRunner.java:337)
at org.testng.SuiteRunner.run(SuiteRunner.java:286)
at org.testng.SuiteRunnerWorker.runSuite(SuiteRunnerWorker.java:53)
at org.testng.SuiteRunnerWorker.run(SuiteRunnerWorker.java:96)
at org.testng.TestNG.runSuitesSequentially(TestNG.java:1187)
at org.testng.TestNG.runSuitesLocally(TestNG.java:1109)
at org.testng.TestNG.runSuites(TestNG.java:1039)
at org.testng.TestNG.run(TestNG.java:1007)
at org.testng.remote.AbstractRemoteTestNG.run(AbstractRemoteTestNG.java:115)
at org.testng.remote.RemoteTestNG.initAndRun(RemoteTestNG.java:251)
at org.testng.remote.RemoteTestNG.main(RemoteTestNG.java:77)
]]>
            </full-stacktrace>
          </exception> <!-- java.lang.AssertionError -->
          <reporter-output>
          </reporter-output>
        </test-method> <!-- testPaymentPage -->
        <test-method status="PASS" signature="tearDown()[pri:0, instance:com.phptravels.testcases.LoginTest@6a79c292]" name="tearDown" is-config="true" duration-ms="11110" started-at="2022-02-12T23:48:52 IST" finished-at="2022-02-12T23:49:03 IST">
          <reporter-output>
          </reporter-output>
        </test-method> <!-- tearDown -->
      </class> <!-- com.phptravels.testcases.LoginTest -->
    </test> <!-- Test -->
  </suite> <!-- Suite -->
</testng-results>
